[2025-09-26 14:12:17:721][background-preinit] INFO  o.h.validator.internal.util.Version - HV000001: Hibernate Validator 8.0.3.Final
[2025-09-26 14:12:17:772][restartedMain] INFO  i.korea.app_boot.AppBootApplication - Starting AppBootApplication using Java 21.0.7 with PID 14036 (C:\JHS\boot-workspace\app-boot\app-boot\bin\main started by ITSC in C:\JHS\boot-workspace\app-boot\app-boot)
[2025-09-26 14:12:17:773][restartedMain] INFO  i.korea.app_boot.AppBootApplication - No active profile set, falling back to 1 default profile: "default"
[2025-09-26 14:12:18:987][restartedMain] INFO  o.s.b.d.e.DevToolsPropertyDefaultsPostProcessor - Devtools property defaults active! Set 'spring.devtools.add-properties' to 'false' to disable
[2025-09-26 14:12:18:987][restartedMain] INFO  o.s.b.d.e.DevToolsPropertyDefaultsPostProcessor - For additional web related logging consider setting the 'logging.level.web' property to 'DEBUG'
[2025-09-26 14:12:18:1701][restartedMain] INFO  o.s.d.r.c.RepositoryConfigurationDelegate - Bootstrapping Spring Data JPA repositories in DEFAULT mode.
[2025-09-26 14:12:18:1768][restartedMain] INFO  o.s.d.r.c.RepositoryConfigurationDelegate - Finished Spring Data repository scanning in 59 ms. Found 5 JPA repository interfaces.
[2025-09-26 14:12:19:1876][restartedMain] INFO  o.s.b.f.s.DefaultListableBeanFactory - Overriding bean definition for bean 'characterEncodingFilter' with a different definition: replacing [Root bean: class=null; scope=; abstract=false; lazyInit=null; autowireMode=3; dependencyCheck=0; autowireCandidate=true; primary=false; fallback=false; factoryBeanName=webConfig; factoryMethodName=characterEncodingFilter; initMethodNames=null; destroyMethodNames=[(inferred)]; defined in class path resource [it/korea/app_boot/common/config/WebConfig.class]] with [Root bean: class=null; scope=; abstract=false; lazyInit=null; autowireMode=3; dependencyCheck=0; autowireCandidate=true; primary=false; fallback=false; factoryBeanName=org.springframework.boot.autoconfigure.web.servlet.HttpEncodingAutoConfiguration; factoryMethodName=characterEncodingFilter; initMethodNames=null; destroyMethodNames=[(inferred)]; defined in class path resource [org/springframework/boot/autoconfigure/web/servlet/HttpEncodingAutoConfiguration.class]]
[2025-09-26 14:12:19:2558][restartedMain] INFO  o.s.b.w.e.tomcat.TomcatWebServer - Tomcat initialized with port 9090 (http)
[2025-09-26 14:12:19:2575][restartedMain] INFO  o.a.coyote.http11.Http11NioProtocol - Initializing ProtocolHandler ["http-nio-9090"]
[2025-09-26 14:12:19:2578][restartedMain] INFO  o.a.catalina.core.StandardService - Starting service [Tomcat]
[2025-09-26 14:12:19:2578][restartedMain] INFO  o.a.catalina.core.StandardEngine - Starting Servlet engine: [Apache Tomcat/10.1.44]
[2025-09-26 14:12:19:2657][restartedMain] INFO  o.a.c.c.C.[Tomcat].[localhost].[/] - Initializing Spring embedded WebApplicationContext
[2025-09-26 14:12:19:2657][restartedMain] INFO  o.s.b.w.s.c.ServletWebServerApplicationContext - Root WebApplicationContext: initialization completed in 1669 ms
[2025-09-26 14:12:20:2968][restartedMain] INFO  o.h.jpa.internal.util.LogHelper - HHH000204: Processing PersistenceUnitInfo [name: default]
[2025-09-26 14:12:20:3022][restartedMain] INFO  org.hibernate.Version - HHH000412: Hibernate ORM core version 6.6.26.Final
[2025-09-26 14:12:20:3053][restartedMain] INFO  o.h.c.i.RegionFactoryInitiator - HHH000026: Second-level cache disabled
[2025-09-26 14:12:20:3392][restartedMain] INFO  o.s.o.j.p.SpringPersistenceUnitInfo - No LoadTimeWeaver setup: ignoring JPA class transformer
[2025-09-26 14:12:20:3418][restartedMain] INFO  com.zaxxer.hikari.HikariDataSource - HikariPool-1 - Starting...
[2025-09-26 14:12:20:3502][restartedMain] INFO  com.zaxxer.hikari.pool.HikariPool - HikariPool-1 - Added connection org.mariadb.jdbc.Connection@49d98f6f
[2025-09-26 14:12:20:3503][restartedMain] INFO  com.zaxxer.hikari.HikariDataSource - HikariPool-1 - Start completed.
[2025-09-26 14:12:20:3529][restartedMain] WARN  org.hibernate.orm.deprecation - HHH90000025: MariaDBDialect does not need to be specified explicitly using 'hibernate.dialect' (remove the property setting and it will be selected by default)
[2025-09-26 14:12:20:3550][restartedMain] INFO  o.hibernate.orm.connections.pooling - HHH10001005: Database info:
	Database JDBC URL [Connecting through datasource 'p6SpyDataSourceDecorator [com.p6spy.engine.spy.P6DataSource] -> dataSource [com.zaxxer.hikari.HikariDataSource]']
	Database driver: undefined/unknown
	Database version: 11.8.2
	Autocommit mode: undefined/unknown
	Isolation level: undefined/unknown
	Minimum pool size: undefined/unknown
	Maximum pool size: undefined/unknown
[2025-09-26 14:12:20:3556][restartedMain] DEBUG o.h.t.d.sql.spi.DdlTypeRegistry - addDescriptor(12, org.hibernate.type.descriptor.sql.internal.CapacityDependentDdlType@3e5439e8) replaced previous registration(org.hibernate.type.descriptor.sql.internal.CapacityDependentDdlType@37b625fb)
[2025-09-26 14:12:20:3556][restartedMain] DEBUG o.h.t.d.sql.spi.DdlTypeRegistry - addDescriptor(-9, org.hibernate.type.descriptor.sql.internal.CapacityDependentDdlType@67bc82f1) replaced previous registration(org.hibernate.type.descriptor.sql.internal.CapacityDependentDdlType@52cb51eb)
[2025-09-26 14:12:20:3556][restartedMain] DEBUG o.h.t.d.sql.spi.DdlTypeRegistry - addDescriptor(-3, org.hibernate.type.descriptor.sql.internal.CapacityDependentDdlType@4d4fa923) replaced previous registration(org.hibernate.type.descriptor.sql.internal.CapacityDependentDdlType@4b50d48c)
[2025-09-26 14:12:20:3556][restartedMain] DEBUG o.h.t.d.sql.spi.DdlTypeRegistry - addDescriptor(4003, org.hibernate.type.descriptor.sql.internal.DdlTypeImpl@48f87c1d) replaced previous registration(org.hibernate.type.descriptor.sql.internal.DdlTypeImpl@403438e0)
[2025-09-26 14:12:20:3556][restartedMain] DEBUG o.h.t.d.sql.spi.DdlTypeRegistry - addDescriptor(4001, org.hibernate.type.descriptor.sql.internal.DdlTypeImpl@70829774) replaced previous registration(org.hibernate.type.descriptor.sql.internal.DdlTypeImpl@3dbbd95c)
[2025-09-26 14:12:20:3556][restartedMain] DEBUG o.h.t.d.sql.spi.DdlTypeRegistry - addDescriptor(4002, org.hibernate.type.descriptor.sql.internal.DdlTypeImpl@36284262) replaced previous registration(org.hibernate.type.descriptor.sql.internal.DdlTypeImpl@57ba8f7f)
[2025-09-26 14:12:20:3556][restartedMain] DEBUG o.h.t.d.sql.spi.DdlTypeRegistry - addDescriptor(2004, org.hibernate.type.descriptor.sql.internal.CapacityDependentDdlType@33e78bcb) replaced previous registration(org.hibernate.type.descriptor.sql.internal.DdlTypeImpl@50f5c5d2)
[2025-09-26 14:12:20:3556][restartedMain] DEBUG o.h.t.d.sql.spi.DdlTypeRegistry - addDescriptor(2005, org.hibernate.type.descriptor.sql.internal.CapacityDependentDdlType@24baa6fc) replaced previous registration(org.hibernate.type.descriptor.sql.internal.DdlTypeImpl@27f81463)
[2025-09-26 14:12:20:3557][restartedMain] DEBUG o.h.t.d.sql.spi.DdlTypeRegistry - addDescriptor(2011, org.hibernate.type.descriptor.sql.internal.CapacityDependentDdlType@284e6a84) replaced previous registration(org.hibernate.type.descriptor.sql.internal.DdlTypeImpl@566bf10a)
[2025-09-26 14:12:21:4307][restartedMain] INFO  o.h.e.t.j.p.i.JtaPlatformInitiator - HHH000489: No JTA platform available (set 'hibernate.transaction.jta.platform' to enable JTA platform integration)
[2025-09-26 14:12:21:4331][restartedMain] INFO  p6spy - 2025-09-26 14:12:21 | OperationTime : 2ms | 
(P6Spy sql,Hibernate format):

    select
        table_name 
    from
        information_schema.TABLES 
    where
        table_schema=database() 
        and table_type='SEQUENCE'
[2025-09-26 14:12:21:4339][restartedMain] INFO  o.s.o.j.LocalContainerEntityManagerFactoryBean - Initialized JPA EntityManagerFactory for persistence unit 'default'
[2025-09-26 14:12:21:4545][restartedMain] INFO  o.s.d.j.r.q.QueryEnhancerFactory - Hibernate is in classpath; If applicable, HQL parser will be used.
[2025-09-26 14:12:22:5630][restartedMain] INFO  o.s.s.c.a.a.c.InitializeAuthenticationProviderBeanManagerConfigurer$InitializeAuthenticationProviderManagerConfigurer - Global AuthenticationManager configured with AuthenticationProvider bean with name authProvider
[2025-09-26 14:12:22:5631][restartedMain] WARN  o.s.s.c.a.a.c.InitializeUserDetailsBeanManagerConfigurer$InitializeUserDetailsManagerConfigurer - Global AuthenticationManager configured with an AuthenticationProvider bean. UserDetailsService beans will not be used by Spring Security for automatically configuring username/password login. Consider removing the AuthenticationProvider bean. Alternatively, consider using the UserDetailsService in a manually instantiated DaoAuthenticationProvider. If the current configuration is intentional, to turn off this warning, increase the logging level of 'org.springframework.security.config.annotation.authentication.configuration.InitializeUserDetailsBeanManagerConfigurer' to ERROR
[2025-09-26 14:12:22:5815][restartedMain] WARN  o.s.s.c.a.web.builders.WebSecurity - You are asking Spring Security to ignore Deferred [Mvc [pattern='/static/imgs/**'], Ant [pattern='/static/imgs/**']]. This is not recommended -- please use permitAll via HttpSecurity#authorizeHttpRequests instead.
[2025-09-26 14:12:22:5815][restartedMain] WARN  o.s.s.c.a.web.builders.WebSecurity - You are asking Spring Security to ignore Deferred [Mvc [pattern='/static/img/**'], Ant [pattern='/static/img/**']]. This is not recommended -- please use permitAll via HttpSecurity#authorizeHttpRequests instead.
[2025-09-26 14:12:22:5815][restartedMain] WARN  o.s.s.c.a.web.builders.WebSecurity - You are asking Spring Security to ignore org.springframework.boot.autoconfigure.security.servlet.StaticResourceRequest$StaticResourceRequestMatcher@68adc7c7. This is not recommended -- please use permitAll via HttpSecurity#authorizeHttpRequests instead.
[2025-09-26 14:12:23:6071][restartedMain] INFO  o.s.w.s.a.s.AnnotationActionEndpointMapping - Supporting [WS-Addressing August 2004, WS-Addressing 1.0]
[2025-09-26 14:12:23:6109][restartedMain] INFO  o.s.b.d.a.OptionalLiveReloadServer - LiveReload server is running on port 35729
[2025-09-26 14:12:23:6122][restartedMain] INFO  o.a.coyote.http11.Http11NioProtocol - Starting ProtocolHandler ["http-nio-9090"]
[2025-09-26 14:12:23:6134][restartedMain] INFO  o.s.b.w.e.tomcat.TomcatWebServer - Tomcat started on port 9090 (http) with context path '/'
[2025-09-26 14:12:23:6142][restartedMain] INFO  i.korea.app_boot.AppBootApplication - Started AppBootApplication in 5.749 seconds (process running for 6.322)
[2025-09-26 14:12:36:19236][http-nio-9090-exec-1] INFO  o.a.c.c.C.[Tomcat].[localhost].[/] - Initializing Spring DispatcherServlet 'dispatcherServlet'
[2025-09-26 14:12:36:19236][http-nio-9090-exec-1] INFO  o.s.web.servlet.DispatcherServlet - Initializing Servlet 'dispatcherServlet'
[2025-09-26 14:12:36:19237][http-nio-9090-exec-1] INFO  o.s.web.servlet.DispatcherServlet - Completed initialization in 1 ms
[2025-09-26 14:12:37:20083][http-nio-9090-exec-1] INFO  i.k.a.b.c.BoardApiController - ========= 게시판 가져오기 =========
[2025-09-26 14:12:37:20119][http-nio-9090-exec-7] WARN  o.s.w.s.m.m.a.ExceptionHandlerExceptionResolver - Resolved [org.springframework.web.servlet.resource.NoResourceFoundException: No static resource favicon.ico.]
[2025-09-26 14:12:37:20159][http-nio-9090-exec-1] DEBUG org.hibernate.SQL - 
    select
        be1_0.brd_id,
        be1_0.contents,
        be1_0.create_date,
        be1_0.like_count,
        be1_0.read_count,
        be1_0.title,
        be1_0.update_date,
        be1_0.writer 
    from
        board be1_0 
    order by
        be1_0.brd_id desc 
    limit
        ?, ?
[2025-09-26 14:12:37:20164][http-nio-9090-exec-1] INFO  p6spy - 2025-09-26 14:12:37 | OperationTime : 0ms | 
(P6Spy sql,Hibernate format):

    select
        be1_0.brd_id,
        be1_0.contents,
        be1_0.create_date,
        be1_0.like_count,
        be1_0.read_count,
        be1_0.title,
        be1_0.update_date,
        be1_0.writer 
    from
        board be1_0 
    order by
        be1_0.brd_id desc 
    limit
        0, 10
[2025-09-26 14:12:37:20199][http-nio-9090-exec-1] DEBUG org.hibernate.SQL - 
    select
        count(be1_0.brd_id) 
    from
        board be1_0
[2025-09-26 14:12:37:20200][http-nio-9090-exec-1] INFO  p6spy - 2025-09-26 14:12:37 | OperationTime : 0ms | 
(P6Spy sql,Hibernate format):

    select
        count(be1_0.brd_id) 
    from
        board be1_0
[2025-09-26 14:12:37:20201][http-nio-9090-exec-1] INFO  p6spy - 
[2025-09-26 14:12:38:21610][http-nio-9090-exec-2] WARN  o.s.w.s.m.m.a.ExceptionHandlerExceptionResolver - Resolved [org.springframework.web.servlet.resource.NoResourceFoundException: No static resource .well-known/appspecific/com.chrome.devtools.json.]
[2025-09-26 14:12:40:23132][http-nio-9090-exec-7] WARN  o.s.w.s.m.m.a.ExceptionHandlerExceptionResolver - Resolved [org.springframework.web.servlet.resource.NoResourceFoundException: No static resource .well-known/appspecific/com.chrome.devtools.json.]
[2025-09-26 14:12:40:23186][http-nio-9090-exec-2] WARN  o.s.w.s.m.m.a.ExceptionHandlerExceptionResolver - Resolved [org.springframework.web.servlet.resource.NoResourceFoundException: No static resource favicon.ico.]
[2025-09-26 14:13:04:47689][http-nio-9090-exec-9] WARN  o.s.w.s.m.m.a.ExceptionHandlerExceptionResolver - Resolved [org.springframework.web.servlet.resource.NoResourceFoundException: No static resource .well-known/appspecific/com.chrome.devtools.json.]
[2025-09-26 14:13:04:47747][http-nio-9090-exec-8] WARN  o.s.w.s.m.m.a.ExceptionHandlerExceptionResolver - Resolved [org.springframework.web.servlet.resource.NoResourceFoundException: No static resource favicon.ico.]
[2025-09-26 14:13:10:53679][http-nio-9090-exec-5] DEBUG org.hibernate.SQL - 
    select
        ue1_0.user_id,
        ue1_0.addr,
        ue1_0.addr_detail,
        ue1_0.birth,
        ue1_0.create_date,
        ue1_0.del_yn,
        ue1_0.email,
        ue1_0.gender,
        ue1_0.passwd,
        ue1_0.phone,
        ue1_0.user_role,
        ue1_0.update_date,
        ue1_0.use_yn,
        ue1_0.user_name 
    from
        tb_users ue1_0 
    where
        ue1_0.user_id=?
[2025-09-26 14:13:10:53680][http-nio-9090-exec-5] INFO  p6spy - 2025-09-26 14:13:10 | OperationTime : 0ms | 
(P6Spy sql,Hibernate format):

    select
        ue1_0.user_id,
        ue1_0.addr,
        ue1_0.addr_detail,
        ue1_0.birth,
        ue1_0.create_date,
        ue1_0.del_yn,
        ue1_0.email,
        ue1_0.gender,
        ue1_0.passwd,
        ue1_0.phone,
        ue1_0.user_role,
        ue1_0.update_date,
        ue1_0.use_yn,
        ue1_0.user_name 
    from
        tb_users ue1_0 
    where
        ue1_0.user_id='admin'
[2025-09-26 14:13:10:53684][http-nio-9090-exec-5] INFO  p6spy - 
[2025-09-26 14:13:10:53807][http-nio-9090-exec-10] WARN  o.s.w.s.m.m.a.ExceptionHandlerExceptionResolver - Resolved [org.springframework.web.servlet.resource.NoResourceFoundException: No static resource .well-known/appspecific/com.chrome.devtools.json.]
[2025-09-26 14:13:11:53881][http-nio-9090-exec-7] INFO  i.k.a.b.c.BoardApiController - ========= 게시판 가져오기 =========
[2025-09-26 14:13:11:53885][http-nio-9090-exec-7] DEBUG org.hibernate.SQL - 
    select
        be1_0.brd_id,
        be1_0.contents,
        be1_0.create_date,
        be1_0.like_count,
        be1_0.read_count,
        be1_0.title,
        be1_0.update_date,
        be1_0.writer 
    from
        board be1_0 
    order by
        be1_0.brd_id desc 
    limit
        ?, ?
[2025-09-26 14:13:11:53886][http-nio-9090-exec-7] INFO  p6spy - 2025-09-26 14:13:11 | OperationTime : 0ms | 
(P6Spy sql,Hibernate format):

    select
        be1_0.brd_id,
        be1_0.contents,
        be1_0.create_date,
        be1_0.like_count,
        be1_0.read_count,
        be1_0.title,
        be1_0.update_date,
        be1_0.writer 
    from
        board be1_0 
    order by
        be1_0.brd_id desc 
    limit
        0, 10
[2025-09-26 14:13:11:53887][http-nio-9090-exec-1] WARN  o.s.w.s.m.m.a.ExceptionHandlerExceptionResolver - Resolved [org.springframework.web.servlet.resource.NoResourceFoundException: No static resource favicon.ico.]
[2025-09-26 14:13:11:53890][http-nio-9090-exec-7] DEBUG org.hibernate.SQL - 
    select
        count(be1_0.brd_id) 
    from
        board be1_0
[2025-09-26 14:13:11:53892][http-nio-9090-exec-7] INFO  p6spy - 2025-09-26 14:13:11 | OperationTime : 0ms | 
(P6Spy sql,Hibernate format):

    select
        count(be1_0.brd_id) 
    from
        board be1_0
[2025-09-26 14:13:11:53892][http-nio-9090-exec-7] INFO  p6spy - 
[2025-09-26 14:13:13:56043][http-nio-9090-exec-5] WARN  o.s.w.s.m.m.a.ExceptionHandlerExceptionResolver - Resolved [org.springframework.web.servlet.resource.NoResourceFoundException: No static resource .well-known/appspecific/com.chrome.devtools.json.]
[2025-09-26 14:13:13:56128][http-nio-9090-exec-2] INFO  i.k.a.b.c.BoardApiController - ========= 게시판 가져오기 =========
[2025-09-26 14:13:13:56131][http-nio-9090-exec-2] DEBUG org.hibernate.SQL - 
    select
        be1_0.brd_id,
        be1_0.contents,
        be1_0.create_date,
        be1_0.like_count,
        be1_0.read_count,
        be1_0.title,
        be1_0.update_date,
        be1_0.writer 
    from
        board be1_0 
    order by
        be1_0.brd_id desc 
    limit
        ?, ?
[2025-09-26 14:13:13:56133][http-nio-9090-exec-2] INFO  p6spy - 2025-09-26 14:13:13 | OperationTime : 0ms | 
(P6Spy sql,Hibernate format):

    select
        be1_0.brd_id,
        be1_0.contents,
        be1_0.create_date,
        be1_0.like_count,
        be1_0.read_count,
        be1_0.title,
        be1_0.update_date,
        be1_0.writer 
    from
        board be1_0 
    order by
        be1_0.brd_id desc 
    limit
        0, 10
[2025-09-26 14:13:13:56136][http-nio-9090-exec-4] WARN  o.s.w.s.m.m.a.ExceptionHandlerExceptionResolver - Resolved [org.springframework.web.servlet.resource.NoResourceFoundException: No static resource favicon.ico.]
[2025-09-26 14:13:13:56137][http-nio-9090-exec-2] DEBUG org.hibernate.SQL - 
    select
        count(be1_0.brd_id) 
    from
        board be1_0
[2025-09-26 14:13:13:56138][http-nio-9090-exec-2] INFO  p6spy - 2025-09-26 14:13:13 | OperationTime : 0ms | 
(P6Spy sql,Hibernate format):

    select
        count(be1_0.brd_id) 
    from
        board be1_0
[2025-09-26 14:13:13:56140][http-nio-9090-exec-2] INFO  p6spy - 
[2025-09-26 14:13:15:57859][http-nio-9090-exec-7] WARN  o.s.w.s.m.m.a.ExceptionHandlerExceptionResolver - Resolved [org.springframework.web.servlet.resource.NoResourceFoundException: No static resource .well-known/appspecific/com.chrome.devtools.json.]
[2025-09-26 14:13:15:57917][http-nio-9090-exec-3] WARN  o.s.w.s.m.m.a.ExceptionHandlerExceptionResolver - Resolved [org.springframework.web.servlet.resource.NoResourceFoundException: No static resource favicon.ico.]
[2025-09-26 14:13:25:68418][http-nio-9090-exec-8] DEBUG org.hibernate.SQL - 
    insert 
    into
        board
        (contents, create_date, like_count, read_count, title, update_date, writer) 
    values
        (?, ?, ?, ?, ?, ?, ?)
[2025-09-26 14:13:25:68423][http-nio-9090-exec-8] INFO  p6spy - 2025-09-26 14:13:25 | OperationTime : 1ms | 
(P6Spy sql,Hibernate format):

    insert 
    into
        board
        (contents, create_date, like_count, read_count, title, update_date, writer) 
    values
        ('1', '2025-09-26T14:13:25.554+0900', 0, 0, '게시글1', '2025-09-26T14:13:25.554+0900', 'admin')
[2025-09-26 14:13:25:68436][http-nio-9090-exec-8] DEBUG org.hibernate.SQL - 
    insert 
    into
        board_files
        (brd_id, create_date, file_name, file_path, file_size, stored_name) 
    values
        (?, ?, ?, ?, ?, ?)
[2025-09-26 14:13:25:68438][http-nio-9090-exec-8] INFO  p6spy - 2025-09-26 14:13:25 | OperationTime : 0ms | 
(P6Spy sql,Hibernate format):

    insert 
    into
        board_files
        (brd_id, create_date, file_name, file_path, file_size, stored_name) 
    values
        (51, '2025-09-26T14:13:25.542+0900', 'git 토큰.txt', 'C:\files\upload\board\', 40, '5f4e31a2631f4331.txt')
[2025-09-26 14:13:25:68450][http-nio-9090-exec-8] INFO  p6spy - 
[2025-09-26 14:13:26:69317][http-nio-9090-exec-2] WARN  o.s.w.s.m.m.a.ExceptionHandlerExceptionResolver - Resolved [org.springframework.web.servlet.resource.NoResourceFoundException: No static resource .well-known/appspecific/com.chrome.devtools.json.]
[2025-09-26 14:13:26:69388][http-nio-9090-exec-1] INFO  i.k.a.b.c.BoardApiController - ========= 게시판 가져오기 =========
[2025-09-26 14:13:26:69391][http-nio-9090-exec-1] DEBUG org.hibernate.SQL - 
    select
        be1_0.brd_id,
        be1_0.contents,
        be1_0.create_date,
        be1_0.like_count,
        be1_0.read_count,
        be1_0.title,
        be1_0.update_date,
        be1_0.writer 
    from
        board be1_0 
    order by
        be1_0.brd_id desc 
    limit
        ?, ?
[2025-09-26 14:13:26:69394][http-nio-9090-exec-1] INFO  p6spy - 2025-09-26 14:13:26 | OperationTime : 1ms | 
(P6Spy sql,Hibernate format):

    select
        be1_0.brd_id,
        be1_0.contents,
        be1_0.create_date,
        be1_0.like_count,
        be1_0.read_count,
        be1_0.title,
        be1_0.update_date,
        be1_0.writer 
    from
        board be1_0 
    order by
        be1_0.brd_id desc 
    limit
        0, 10
[2025-09-26 14:13:26:69402][http-nio-9090-exec-1] DEBUG org.hibernate.SQL - 
    select
        count(be1_0.brd_id) 
    from
        board be1_0
[2025-09-26 14:13:26:69403][http-nio-9090-exec-1] INFO  p6spy - 2025-09-26 14:13:26 | OperationTime : 0ms | 
(P6Spy sql,Hibernate format):

    select
        count(be1_0.brd_id) 
    from
        board be1_0
[2025-09-26 14:13:26:69403][http-nio-9090-exec-5] WARN  o.s.w.s.m.m.a.ExceptionHandlerExceptionResolver - Resolved [org.springframework.web.servlet.resource.NoResourceFoundException: No static resource favicon.ico.]
[2025-09-26 14:13:26:69404][http-nio-9090-exec-1] INFO  p6spy - 
[2025-09-26 14:13:27:70648][http-nio-9090-exec-8] WARN  o.s.w.s.m.m.a.ExceptionHandlerExceptionResolver - Resolved [org.springframework.web.servlet.resource.NoResourceFoundException: No static resource .well-known/appspecific/com.chrome.devtools.json.]
[2025-09-26 14:13:27:70703][http-nio-9090-exec-9] WARN  o.s.w.s.m.m.a.ExceptionHandlerExceptionResolver - Resolved [org.springframework.web.servlet.resource.NoResourceFoundException: No static resource favicon.ico.]
[2025-09-26 14:13:35:78498][http-nio-9090-exec-7] DEBUG org.hibernate.SQL - 
    insert 
    into
        board
        (contents, create_date, like_count, read_count, title, update_date, writer) 
    values
        (?, ?, ?, ?, ?, ?, ?)
[2025-09-26 14:13:35:78500][http-nio-9090-exec-7] INFO  p6spy - 2025-09-26 14:13:35 | OperationTime : 0ms | 
(P6Spy sql,Hibernate format):

    insert 
    into
        board
        (contents, create_date, like_count, read_count, title, update_date, writer) 
    values
        ('2', '2025-09-26T14:13:35.654+0900', 0, 0, '게시글2', '2025-09-26T14:13:35.654+0900', 'admin')
[2025-09-26 14:13:35:78500][http-nio-9090-exec-7] DEBUG org.hibernate.SQL - 
    insert 
    into
        board_files
        (brd_id, create_date, file_name, file_path, file_size, stored_name) 
    values
        (?, ?, ?, ?, ?, ?)
[2025-09-26 14:13:35:78504][http-nio-9090-exec-7] INFO  p6spy - 2025-09-26 14:13:35 | OperationTime : 1ms | 
(P6Spy sql,Hibernate format):

    insert 
    into
        board_files
        (brd_id, create_date, file_name, file_path, file_size, stored_name) 
    values
        (52, '2025-09-26T14:13:35.654+0900', '스프링 툴 설정하는 법.txt', 'C:\files\upload\board\', 2074, '1293d867d5604867.txt')
[2025-09-26 14:13:35:78506][http-nio-9090-exec-7] INFO  p6spy - 
[2025-09-26 14:13:36:79365][http-nio-9090-exec-1] WARN  o.s.w.s.m.m.a.ExceptionHandlerExceptionResolver - Resolved [org.springframework.web.servlet.resource.NoResourceFoundException: No static resource .well-known/appspecific/com.chrome.devtools.json.]
[2025-09-26 14:13:36:79433][http-nio-9090-exec-2] INFO  i.k.a.b.c.BoardApiController - ========= 게시판 가져오기 =========
[2025-09-26 14:13:36:79436][http-nio-9090-exec-2] DEBUG org.hibernate.SQL - 
    select
        be1_0.brd_id,
        be1_0.contents,
        be1_0.create_date,
        be1_0.like_count,
        be1_0.read_count,
        be1_0.title,
        be1_0.update_date,
        be1_0.writer 
    from
        board be1_0 
    order by
        be1_0.brd_id desc 
    limit
        ?, ?
[2025-09-26 14:13:36:79438][http-nio-9090-exec-2] INFO  p6spy - 2025-09-26 14:13:36 | OperationTime : 0ms | 
(P6Spy sql,Hibernate format):

    select
        be1_0.brd_id,
        be1_0.contents,
        be1_0.create_date,
        be1_0.like_count,
        be1_0.read_count,
        be1_0.title,
        be1_0.update_date,
        be1_0.writer 
    from
        board be1_0 
    order by
        be1_0.brd_id desc 
    limit
        0, 10
[2025-09-26 14:13:36:79441][http-nio-9090-exec-2] DEBUG org.hibernate.SQL - 
    select
        count(be1_0.brd_id) 
    from
        board be1_0
[2025-09-26 14:13:36:79442][http-nio-9090-exec-10] WARN  o.s.w.s.m.m.a.ExceptionHandlerExceptionResolver - Resolved [org.springframework.web.servlet.resource.NoResourceFoundException: No static resource favicon.ico.]
[2025-09-26 14:13:36:79443][http-nio-9090-exec-2] INFO  p6spy - 2025-09-26 14:13:36 | OperationTime : 0ms | 
(P6Spy sql,Hibernate format):

    select
        count(be1_0.brd_id) 
    from
        board be1_0
[2025-09-26 14:13:36:79444][http-nio-9090-exec-2] INFO  p6spy - 
[2025-09-26 14:13:39:81965][http-nio-9090-exec-7] WARN  o.s.w.s.m.m.a.ExceptionHandlerExceptionResolver - Resolved [org.springframework.web.servlet.resource.NoResourceFoundException: No static resource .well-known/appspecific/com.chrome.devtools.json.]
[2025-09-26 14:13:39:82026][http-nio-9090-exec-6] WARN  o.s.w.s.m.m.a.ExceptionHandlerExceptionResolver - Resolved [org.springframework.web.servlet.resource.NoResourceFoundException: No static resource favicon.ico.]
[2025-09-26 14:13:46:89652][http-nio-9090-exec-2] DEBUG org.hibernate.SQL - 
    insert 
    into
        board
        (contents, create_date, like_count, read_count, title, update_date, writer) 
    values
        (?, ?, ?, ?, ?, ?, ?)
[2025-09-26 14:13:46:89653][http-nio-9090-exec-2] INFO  p6spy - 2025-09-26 14:13:46 | OperationTime : 0ms | 
(P6Spy sql,Hibernate format):

    insert 
    into
        board
        (contents, create_date, like_count, read_count, title, update_date, writer) 
    values
        ('3', '2025-09-26T14:13:46.808+0900', 0, 0, '게시글3', '2025-09-26T14:13:46.808+0900', 'admin')
[2025-09-26 14:13:46:89654][http-nio-9090-exec-2] DEBUG org.hibernate.SQL - 
    insert 
    into
        board_files
        (brd_id, create_date, file_name, file_path, file_size, stored_name) 
    values
        (?, ?, ?, ?, ?, ?)
[2025-09-26 14:13:46:89655][http-nio-9090-exec-2] INFO  p6spy - 2025-09-26 14:13:46 | OperationTime : 0ms | 
(P6Spy sql,Hibernate format):

    insert 
    into
        board_files
        (brd_id, create_date, file_name, file_path, file_size, stored_name) 
    values
        (53, '2025-09-26T14:13:46.808+0900', 'git 토큰.txt', 'C:\files\upload\board\', 40, 'c4682af596be471d.txt')
[2025-09-26 14:13:46:89659][http-nio-9090-exec-2] INFO  p6spy - 
[2025-09-26 14:13:47:90395][http-nio-9090-exec-10] WARN  o.s.w.s.m.m.a.ExceptionHandlerExceptionResolver - Resolved [org.springframework.web.servlet.resource.NoResourceFoundException: No static resource .well-known/appspecific/com.chrome.devtools.json.]
[2025-09-26 14:13:47:90465][http-nio-9090-exec-1] INFO  i.k.a.b.c.BoardApiController - ========= 게시판 가져오기 =========
[2025-09-26 14:13:47:90468][http-nio-9090-exec-1] DEBUG org.hibernate.SQL - 
    select
        be1_0.brd_id,
        be1_0.contents,
        be1_0.create_date,
        be1_0.like_count,
        be1_0.read_count,
        be1_0.title,
        be1_0.update_date,
        be1_0.writer 
    from
        board be1_0 
    order by
        be1_0.brd_id desc 
    limit
        ?, ?
[2025-09-26 14:13:47:90470][http-nio-9090-exec-1] INFO  p6spy - 2025-09-26 14:13:47 | OperationTime : 0ms | 
(P6Spy sql,Hibernate format):

    select
        be1_0.brd_id,
        be1_0.contents,
        be1_0.create_date,
        be1_0.like_count,
        be1_0.read_count,
        be1_0.title,
        be1_0.update_date,
        be1_0.writer 
    from
        board be1_0 
    order by
        be1_0.brd_id desc 
    limit
        0, 10
[2025-09-26 14:13:47:90472][http-nio-9090-exec-9] WARN  o.s.w.s.m.m.a.ExceptionHandlerExceptionResolver - Resolved [org.springframework.web.servlet.resource.NoResourceFoundException: No static resource favicon.ico.]
[2025-09-26 14:13:47:90472][http-nio-9090-exec-1] DEBUG org.hibernate.SQL - 
    select
        count(be1_0.brd_id) 
    from
        board be1_0
[2025-09-26 14:13:47:90473][http-nio-9090-exec-1] INFO  p6spy - 2025-09-26 14:13:47 | OperationTime : 0ms | 
(P6Spy sql,Hibernate format):

    select
        count(be1_0.brd_id) 
    from
        board be1_0
[2025-09-26 14:13:47:90474][http-nio-9090-exec-1] INFO  p6spy - 
[2025-09-26 14:13:49:92464][http-nio-9090-exec-6] DEBUG org.hibernate.SQL - 
    select
        be1_0.brd_id,
        be1_0.contents,
        be1_0.create_date,
        be1_0.like_count,
        be1_0.read_count,
        be1_0.title,
        be1_0.update_date,
        be1_0.writer 
    from
        board be1_0 
    where
        be1_0.brd_id=?
[2025-09-26 14:13:49:92466][http-nio-9090-exec-6] INFO  p6spy - 2025-09-26 14:13:49 | OperationTime : 1ms | 
(P6Spy sql,Hibernate format):

    select
        be1_0.brd_id,
        be1_0.contents,
        be1_0.create_date,
        be1_0.like_count,
        be1_0.read_count,
        be1_0.title,
        be1_0.update_date,
        be1_0.writer 
    from
        board be1_0 
    where
        be1_0.brd_id=51
[2025-09-26 14:13:49:92467][http-nio-9090-exec-6] INFO  p6spy - 
[2025-09-26 14:13:49:92472][http-nio-9090-exec-6] DEBUG org.hibernate.SQL - 
    select
        be1_0.brd_id,
        be1_0.contents,
        be1_0.create_date,
        fl1_0.brd_id,
        fl1_0.bf_id,
        fl1_0.create_date,
        fl1_0.file_name,
        fl1_0.file_path,
        fl1_0.file_size,
        fl1_0.stored_name,
        be1_0.like_count,
        be1_0.read_count,
        be1_0.title,
        be1_0.update_date,
        be1_0.writer 
    from
        board be1_0 
    left join
        board_files fl1_0 
            on be1_0.brd_id=fl1_0.brd_id 
    where
        be1_0.brd_id=?
[2025-09-26 14:13:49:92474][http-nio-9090-exec-6] INFO  p6spy - 2025-09-26 14:13:49 | OperationTime : 0ms | 
(P6Spy sql,Hibernate format):

    select
        be1_0.brd_id,
        be1_0.contents,
        be1_0.create_date,
        fl1_0.brd_id,
        fl1_0.bf_id,
        fl1_0.create_date,
        fl1_0.file_name,
        fl1_0.file_path,
        fl1_0.file_size,
        fl1_0.stored_name,
        be1_0.like_count,
        be1_0.read_count,
        be1_0.title,
        be1_0.update_date,
        be1_0.writer 
    from
        board be1_0 
    left join
        board_files fl1_0 
            on be1_0.brd_id=fl1_0.brd_id 
    where
        be1_0.brd_id=51
[2025-09-26 14:13:49:92481][http-nio-9090-exec-6] DEBUG org.hibernate.SQL - 
    update
        board 
    set
        contents=?,
        like_count=?,
        read_count=?,
        title=?,
        update_date=?,
        writer=? 
    where
        brd_id=?
[2025-09-26 14:13:49:92483][http-nio-9090-exec-6] INFO  p6spy - 2025-09-26 14:13:49 | OperationTime : 0ms | 
(P6Spy sql,Hibernate format):

    update
        board 
    set
        contents='1',
        like_count=0,
        read_count=1,
        title='게시글1',
        update_date='2025-09-26T14:13:49.635+0900',
        writer='admin' 
    where
        brd_id=51
[2025-09-26 14:13:49:92485][http-nio-9090-exec-6] INFO  p6spy - 
[2025-09-26 14:13:49:92503][http-nio-9090-exec-6] DEBUG org.hibernate.SQL - 
    select
        be1_0.brd_id,
        be1_0.contents,
        be1_0.create_date,
        fl1_0.brd_id,
        fl1_0.bf_id,
        fl1_0.create_date,
        fl1_0.file_name,
        fl1_0.file_path,
        fl1_0.file_size,
        fl1_0.stored_name,
        be1_0.like_count,
        be1_0.read_count,
        be1_0.title,
        be1_0.update_date,
        be1_0.writer 
    from
        board be1_0 
    left join
        board_files fl1_0 
            on be1_0.brd_id=fl1_0.brd_id 
    where
        be1_0.brd_id=?
[2025-09-26 14:13:49:92504][http-nio-9090-exec-6] INFO  p6spy - 2025-09-26 14:13:49 | OperationTime : 0ms | 
(P6Spy sql,Hibernate format):

    select
        be1_0.brd_id,
        be1_0.contents,
        be1_0.create_date,
        fl1_0.brd_id,
        fl1_0.bf_id,
        fl1_0.create_date,
        fl1_0.file_name,
        fl1_0.file_path,
        fl1_0.file_size,
        fl1_0.stored_name,
        be1_0.like_count,
        be1_0.read_count,
        be1_0.title,
        be1_0.update_date,
        be1_0.writer 
    from
        board be1_0 
    left join
        board_files fl1_0 
            on be1_0.brd_id=fl1_0.brd_id 
    where
        be1_0.brd_id=51
[2025-09-26 14:13:49:92509][http-nio-9090-exec-6] INFO  p6spy - 
[2025-09-26 14:13:49:92567][http-nio-9090-exec-10] WARN  o.s.w.s.m.m.a.ExceptionHandlerExceptionResolver - Resolved [org.springframework.web.servlet.resource.NoResourceFoundException: No static resource .well-known/appspecific/com.chrome.devtools.json.]
[2025-09-26 14:13:49:92621][http-nio-9090-exec-3] WARN  o.s.w.s.m.m.a.ExceptionHandlerExceptionResolver - Resolved [org.springframework.web.servlet.resource.NoResourceFoundException: No static resource favicon.ico.]
[2025-09-26 14:13:52:94956][http-nio-9090-exec-9] WARN  o.s.w.s.m.m.a.ExceptionHandlerExceptionResolver - Resolved [org.springframework.web.servlet.resource.NoResourceFoundException: No static resource .well-known/appspecific/com.chrome.devtools.json.]
[2025-09-26 14:13:52:95031][http-nio-9090-exec-7] INFO  i.k.a.b.c.BoardApiController - ========= 게시판 가져오기 =========
[2025-09-26 14:13:52:95035][http-nio-9090-exec-7] DEBUG org.hibernate.SQL - 
    select
        be1_0.brd_id,
        be1_0.contents,
        be1_0.create_date,
        be1_0.like_count,
        be1_0.read_count,
        be1_0.title,
        be1_0.update_date,
        be1_0.writer 
    from
        board be1_0 
    order by
        be1_0.brd_id desc 
    limit
        ?, ?
[2025-09-26 14:13:52:95036][http-nio-9090-exec-7] INFO  p6spy - 2025-09-26 14:13:52 | OperationTime : 0ms | 
(P6Spy sql,Hibernate format):

    select
        be1_0.brd_id,
        be1_0.contents,
        be1_0.create_date,
        be1_0.like_count,
        be1_0.read_count,
        be1_0.title,
        be1_0.update_date,
        be1_0.writer 
    from
        board be1_0 
    order by
        be1_0.brd_id desc 
    limit
        0, 10
[2025-09-26 14:13:52:95040][http-nio-9090-exec-2] WARN  o.s.w.s.m.m.a.ExceptionHandlerExceptionResolver - Resolved [org.springframework.web.servlet.resource.NoResourceFoundException: No static resource favicon.ico.]
[2025-09-26 14:13:52:95041][http-nio-9090-exec-7] DEBUG org.hibernate.SQL - 
    select
        count(be1_0.brd_id) 
    from
        board be1_0
[2025-09-26 14:13:52:95043][http-nio-9090-exec-7] INFO  p6spy - 2025-09-26 14:13:52 | OperationTime : 0ms | 
(P6Spy sql,Hibernate format):

    select
        count(be1_0.brd_id) 
    from
        board be1_0
[2025-09-26 14:13:52:95044][http-nio-9090-exec-7] INFO  p6spy - 
[2025-09-26 15:33:22:657][background-preinit] INFO  o.h.validator.internal.util.Version - HV000001: Hibernate Validator 8.0.3.Final
[2025-09-26 15:33:22:701][restartedMain] INFO  i.korea.app_boot.AppBootApplication - Starting AppBootApplication using Java 21.0.7 with PID 11200 (C:\JHS\boot-workspace\app-boot\app-boot\bin\main started by ITSC in C:\JHS\boot-workspace\app-boot\app-boot)
[2025-09-26 15:33:22:702][restartedMain] INFO  i.korea.app_boot.AppBootApplication - No active profile set, falling back to 1 default profile: "default"
[2025-09-26 15:33:22:882][restartedMain] INFO  o.s.b.d.e.DevToolsPropertyDefaultsPostProcessor - Devtools property defaults active! Set 'spring.devtools.add-properties' to 'false' to disable
[2025-09-26 15:33:22:882][restartedMain] INFO  o.s.b.d.e.DevToolsPropertyDefaultsPostProcessor - For additional web related logging consider setting the 'logging.level.web' property to 'DEBUG'
[2025-09-26 15:33:23:1495][restartedMain] INFO  o.s.d.r.c.RepositoryConfigurationDelegate - Bootstrapping Spring Data JPA repositories in DEFAULT mode.
[2025-09-26 15:33:23:1556][restartedMain] INFO  o.s.d.r.c.RepositoryConfigurationDelegate - Finished Spring Data repository scanning in 54 ms. Found 5 JPA repository interfaces.
[2025-09-26 15:33:23:1653][restartedMain] INFO  o.s.b.f.s.DefaultListableBeanFactory - Overriding bean definition for bean 'characterEncodingFilter' with a different definition: replacing [Root bean: class=null; scope=; abstract=false; lazyInit=null; autowireMode=3; dependencyCheck=0; autowireCandidate=true; primary=false; fallback=false; factoryBeanName=webConfig; factoryMethodName=characterEncodingFilter; initMethodNames=null; destroyMethodNames=[(inferred)]; defined in class path resource [it/korea/app_boot/common/config/WebConfig.class]] with [Root bean: class=null; scope=; abstract=false; lazyInit=null; autowireMode=3; dependencyCheck=0; autowireCandidate=true; primary=false; fallback=false; factoryBeanName=org.springframework.boot.autoconfigure.web.servlet.HttpEncodingAutoConfiguration; factoryMethodName=characterEncodingFilter; initMethodNames=null; destroyMethodNames=[(inferred)]; defined in class path resource [org/springframework/boot/autoconfigure/web/servlet/HttpEncodingAutoConfiguration.class]]
[2025-09-26 15:33:24:2406][restartedMain] INFO  o.s.b.w.e.tomcat.TomcatWebServer - Tomcat initialized with port 9090 (http)
[2025-09-26 15:33:24:2421][restartedMain] INFO  o.a.coyote.http11.Http11NioProtocol - Initializing ProtocolHandler ["http-nio-9090"]
[2025-09-26 15:33:24:2425][restartedMain] INFO  o.a.catalina.core.StandardService - Starting service [Tomcat]
[2025-09-26 15:33:24:2425][restartedMain] INFO  o.a.catalina.core.StandardEngine - Starting Servlet engine: [Apache Tomcat/10.1.44]
[2025-09-26 15:33:24:2501][restartedMain] INFO  o.a.c.c.C.[Tomcat].[localhost].[/] - Initializing Spring embedded WebApplicationContext
[2025-09-26 15:33:24:2501][restartedMain] INFO  o.s.b.w.s.c.ServletWebServerApplicationContext - Root WebApplicationContext: initialization completed in 1619 ms
[2025-09-26 15:33:24:2861][restartedMain] INFO  o.h.jpa.internal.util.LogHelper - HHH000204: Processing PersistenceUnitInfo [name: default]
[2025-09-26 15:33:24:2898][restartedMain] INFO  org.hibernate.Version - HHH000412: Hibernate ORM core version 6.6.26.Final
[2025-09-26 15:33:24:2923][restartedMain] INFO  o.h.c.i.RegionFactoryInitiator - HHH000026: Second-level cache disabled
[2025-09-26 15:33:24:3128][restartedMain] INFO  o.s.o.j.p.SpringPersistenceUnitInfo - No LoadTimeWeaver setup: ignoring JPA class transformer
[2025-09-26 15:33:24:3147][restartedMain] INFO  com.zaxxer.hikari.HikariDataSource - HikariPool-1 - Starting...
[2025-09-26 15:33:24:3205][restartedMain] INFO  com.zaxxer.hikari.pool.HikariPool - HikariPool-1 - Added connection org.mariadb.jdbc.Connection@30bb5476
[2025-09-26 15:33:24:3205][restartedMain] INFO  com.zaxxer.hikari.HikariDataSource - HikariPool-1 - Start completed.
[2025-09-26 15:33:24:3238][restartedMain] WARN  org.hibernate.orm.deprecation - HHH90000025: MariaDBDialect does not need to be specified explicitly using 'hibernate.dialect' (remove the property setting and it will be selected by default)
[2025-09-26 15:33:24:3252][restartedMain] INFO  o.hibernate.orm.connections.pooling - HHH10001005: Database info:
	Database JDBC URL [Connecting through datasource 'p6SpyDataSourceDecorator [com.p6spy.engine.spy.P6DataSource] -> dataSource [com.zaxxer.hikari.HikariDataSource]']
	Database driver: undefined/unknown
	Database version: 11.8.2
	Autocommit mode: undefined/unknown
	Isolation level: undefined/unknown
	Minimum pool size: undefined/unknown
	Maximum pool size: undefined/unknown
[2025-09-26 15:33:24:3254][restartedMain] DEBUG o.h.t.d.sql.spi.DdlTypeRegistry - addDescriptor(12, org.hibernate.type.descriptor.sql.internal.CapacityDependentDdlType@fa0eaf1) replaced previous registration(org.hibernate.type.descriptor.sql.internal.CapacityDependentDdlType@613b91eb)
[2025-09-26 15:33:24:3254][restartedMain] DEBUG o.h.t.d.sql.spi.DdlTypeRegistry - addDescriptor(-9, org.hibernate.type.descriptor.sql.internal.CapacityDependentDdlType@4661213f) replaced previous registration(org.hibernate.type.descriptor.sql.internal.CapacityDependentDdlType@b96c496)
[2025-09-26 15:33:24:3254][restartedMain] DEBUG o.h.t.d.sql.spi.DdlTypeRegistry - addDescriptor(-3, org.hibernate.type.descriptor.sql.internal.CapacityDependentDdlType@3694077) replaced previous registration(org.hibernate.type.descriptor.sql.internal.CapacityDependentDdlType@3ee02d38)
[2025-09-26 15:33:24:3254][restartedMain] DEBUG o.h.t.d.sql.spi.DdlTypeRegistry - addDescriptor(4003, org.hibernate.type.descriptor.sql.internal.DdlTypeImpl@71478b02) replaced previous registration(org.hibernate.type.descriptor.sql.internal.DdlTypeImpl@4cc843c8)
[2025-09-26 15:33:24:3254][restartedMain] DEBUG o.h.t.d.sql.spi.DdlTypeRegistry - addDescriptor(4001, org.hibernate.type.descriptor.sql.internal.DdlTypeImpl@56bd8de) replaced previous registration(org.hibernate.type.descriptor.sql.internal.DdlTypeImpl@3a5daca6)
[2025-09-26 15:33:24:3254][restartedMain] DEBUG o.h.t.d.sql.spi.DdlTypeRegistry - addDescriptor(4002, org.hibernate.type.descriptor.sql.internal.DdlTypeImpl@770f2f74) replaced previous registration(org.hibernate.type.descriptor.sql.internal.DdlTypeImpl@79d7f45e)
[2025-09-26 15:33:24:3254][restartedMain] DEBUG o.h.t.d.sql.spi.DdlTypeRegistry - addDescriptor(2004, org.hibernate.type.descriptor.sql.internal.CapacityDependentDdlType@22a17e92) replaced previous registration(org.hibernate.type.descriptor.sql.internal.DdlTypeImpl@754ecefc)
[2025-09-26 15:33:24:3254][restartedMain] DEBUG o.h.t.d.sql.spi.DdlTypeRegistry - addDescriptor(2005, org.hibernate.type.descriptor.sql.internal.CapacityDependentDdlType@7b343bae) replaced previous registration(org.hibernate.type.descriptor.sql.internal.DdlTypeImpl@3d874592)
[2025-09-26 15:33:24:3254][restartedMain] DEBUG o.h.t.d.sql.spi.DdlTypeRegistry - addDescriptor(2011, org.hibernate.type.descriptor.sql.internal.CapacityDependentDdlType@147be95e) replaced previous registration(org.hibernate.type.descriptor.sql.internal.DdlTypeImpl@1741fc03)
[2025-09-26 15:33:25:3939][restartedMain] INFO  o.h.e.t.j.p.i.JtaPlatformInitiator - HHH000489: No JTA platform available (set 'hibernate.transaction.jta.platform' to enable JTA platform integration)
[2025-09-26 15:33:25:3962][restartedMain] INFO  p6spy - 2025-09-26 15:33:25 | OperationTime : 6ms | 
(P6Spy sql,Hibernate format):

    select
        table_name 
    from
        information_schema.TABLES 
    where
        table_schema=database() 
        and table_type='SEQUENCE'
[2025-09-26 15:33:25:3976][restartedMain] INFO  o.s.o.j.LocalContainerEntityManagerFactoryBean - Initialized JPA EntityManagerFactory for persistence unit 'default'
[2025-09-26 15:33:25:4160][restartedMain] INFO  o.s.d.j.r.q.QueryEnhancerFactory - Hibernate is in classpath; If applicable, HQL parser will be used.
[2025-09-26 15:33:26:5180][restartedMain] INFO  o.s.s.c.a.a.c.InitializeAuthenticationProviderBeanManagerConfigurer$InitializeAuthenticationProviderManagerConfigurer - Global AuthenticationManager configured with AuthenticationProvider bean with name authProvider
[2025-09-26 15:33:26:5181][restartedMain] WARN  o.s.s.c.a.a.c.InitializeUserDetailsBeanManagerConfigurer$InitializeUserDetailsManagerConfigurer - Global AuthenticationManager configured with an AuthenticationProvider bean. UserDetailsService beans will not be used by Spring Security for automatically configuring username/password login. Consider removing the AuthenticationProvider bean. Alternatively, consider using the UserDetailsService in a manually instantiated DaoAuthenticationProvider. If the current configuration is intentional, to turn off this warning, increase the logging level of 'org.springframework.security.config.annotation.authentication.configuration.InitializeUserDetailsBeanManagerConfigurer' to ERROR
[2025-09-26 15:33:27:5362][restartedMain] WARN  o.s.s.c.a.web.builders.WebSecurity - You are asking Spring Security to ignore Deferred [Mvc [pattern='/static/imgs/**'], Ant [pattern='/static/imgs/**']]. This is not recommended -- please use permitAll via HttpSecurity#authorizeHttpRequests instead.
[2025-09-26 15:33:27:5362][restartedMain] WARN  o.s.s.c.a.web.builders.WebSecurity - You are asking Spring Security to ignore Deferred [Mvc [pattern='/static/img/**'], Ant [pattern='/static/img/**']]. This is not recommended -- please use permitAll via HttpSecurity#authorizeHttpRequests instead.
[2025-09-26 15:33:27:5362][restartedMain] WARN  o.s.s.c.a.web.builders.WebSecurity - You are asking Spring Security to ignore org.springframework.boot.autoconfigure.security.servlet.StaticResourceRequest$StaticResourceRequestMatcher@482b571a. This is not recommended -- please use permitAll via HttpSecurity#authorizeHttpRequests instead.
[2025-09-26 15:33:27:5620][restartedMain] INFO  o.s.w.s.a.s.AnnotationActionEndpointMapping - Supporting [WS-Addressing August 2004, WS-Addressing 1.0]
[2025-09-26 15:33:27:5660][restartedMain] INFO  o.s.b.d.a.OptionalLiveReloadServer - LiveReload server is running on port 35729
[2025-09-26 15:33:27:5675][restartedMain] INFO  o.a.coyote.http11.Http11NioProtocol - Starting ProtocolHandler ["http-nio-9090"]
[2025-09-26 15:33:27:5688][restartedMain] INFO  o.s.b.w.e.tomcat.TomcatWebServer - Tomcat started on port 9090 (http) with context path '/'
[2025-09-26 15:33:27:5696][restartedMain] INFO  i.korea.app_boot.AppBootApplication - Started AppBootApplication in 5.333 seconds (process running for 5.866)
[2025-09-26 15:33:42:21181][http-nio-9090-exec-1] INFO  o.a.c.c.C.[Tomcat].[localhost].[/] - Initializing Spring DispatcherServlet 'dispatcherServlet'
[2025-09-26 15:33:42:21181][http-nio-9090-exec-1] INFO  o.s.web.servlet.DispatcherServlet - Initializing Servlet 'dispatcherServlet'
[2025-09-26 15:33:42:21182][http-nio-9090-exec-1] INFO  o.s.web.servlet.DispatcherServlet - Completed initialization in 1 ms
[2025-09-26 15:33:43:21952][http-nio-9090-exec-1] INFO  i.k.a.b.c.BoardApiController - ========= 게시판 가져오기 =========
[2025-09-26 15:33:43:21984][http-nio-9090-exec-7] WARN  o.s.w.s.m.m.a.ExceptionHandlerExceptionResolver - Resolved [org.springframework.web.servlet.resource.NoResourceFoundException: No static resource favicon.ico.]
[2025-09-26 15:33:43:22023][http-nio-9090-exec-1] DEBUG org.hibernate.SQL - 
    select
        be1_0.brd_id,
        be1_0.contents,
        be1_0.create_date,
        be1_0.like_count,
        be1_0.read_count,
        be1_0.title,
        be1_0.update_date,
        be1_0.writer 
    from
        board be1_0 
    order by
        be1_0.brd_id desc 
    limit
        ?, ?
[2025-09-26 15:33:43:22026][http-nio-9090-exec-1] INFO  p6spy - 2025-09-26 15:33:43 | OperationTime : 0ms | 
(P6Spy sql,Hibernate format):

    select
        be1_0.brd_id,
        be1_0.contents,
        be1_0.create_date,
        be1_0.like_count,
        be1_0.read_count,
        be1_0.title,
        be1_0.update_date,
        be1_0.writer 
    from
        board be1_0 
    order by
        be1_0.brd_id desc 
    limit
        0, 10
[2025-09-26 15:33:43:22054][http-nio-9090-exec-1] DEBUG org.hibernate.SQL - 
    select
        count(be1_0.brd_id) 
    from
        board be1_0
[2025-09-26 15:33:43:22055][http-nio-9090-exec-1] INFO  p6spy - 2025-09-26 15:33:43 | OperationTime : 0ms | 
(P6Spy sql,Hibernate format):

    select
        count(be1_0.brd_id) 
    from
        board be1_0
[2025-09-26 15:33:43:22057][http-nio-9090-exec-1] INFO  p6spy - 
[2025-09-26 15:33:45:23665][http-nio-9090-exec-2] WARN  o.s.w.s.m.m.a.ExceptionHandlerExceptionResolver - Resolved [org.springframework.web.servlet.resource.NoResourceFoundException: No static resource .well-known/appspecific/com.chrome.devtools.json.]
[2025-09-26 15:33:46:25026][http-nio-9090-exec-7] DEBUG org.hibernate.SQL - 
    select
        be1_0.brd_id,
        be1_0.contents,
        be1_0.create_date,
        be1_0.like_count,
        be1_0.read_count,
        be1_0.title,
        be1_0.update_date,
        be1_0.writer 
    from
        board be1_0 
    where
        be1_0.brd_id=?
[2025-09-26 15:33:46:25027][http-nio-9090-exec-7] INFO  p6spy - 2025-09-26 15:33:46 | OperationTime : 0ms | 
(P6Spy sql,Hibernate format):

    select
        be1_0.brd_id,
        be1_0.contents,
        be1_0.create_date,
        be1_0.like_count,
        be1_0.read_count,
        be1_0.title,
        be1_0.update_date,
        be1_0.writer 
    from
        board be1_0 
    where
        be1_0.brd_id=53
[2025-09-26 15:33:46:25028][http-nio-9090-exec-7] INFO  p6spy - 
[2025-09-26 15:33:46:25034][http-nio-9090-exec-7] DEBUG org.hibernate.SQL - 
    select
        be1_0.brd_id,
        be1_0.contents,
        be1_0.create_date,
        fl1_0.brd_id,
        fl1_0.bf_id,
        fl1_0.create_date,
        fl1_0.file_name,
        fl1_0.file_path,
        fl1_0.file_size,
        fl1_0.stored_name,
        be1_0.like_count,
        be1_0.read_count,
        be1_0.title,
        be1_0.update_date,
        be1_0.writer 
    from
        board be1_0 
    left join
        board_files fl1_0 
            on be1_0.brd_id=fl1_0.brd_id 
    where
        be1_0.brd_id=?
[2025-09-26 15:33:46:25036][http-nio-9090-exec-7] INFO  p6spy - 2025-09-26 15:33:46 | OperationTime : 0ms | 
(P6Spy sql,Hibernate format):

    select
        be1_0.brd_id,
        be1_0.contents,
        be1_0.create_date,
        fl1_0.brd_id,
        fl1_0.bf_id,
        fl1_0.create_date,
        fl1_0.file_name,
        fl1_0.file_path,
        fl1_0.file_size,
        fl1_0.stored_name,
        be1_0.like_count,
        be1_0.read_count,
        be1_0.title,
        be1_0.update_date,
        be1_0.writer 
    from
        board be1_0 
    left join
        board_files fl1_0 
            on be1_0.brd_id=fl1_0.brd_id 
    where
        be1_0.brd_id=53
[2025-09-26 15:33:46:25072][http-nio-9090-exec-7] DEBUG org.hibernate.SQL - 
    update
        board 
    set
        contents=?,
        like_count=?,
        read_count=?,
        title=?,
        update_date=?,
        writer=? 
    where
        brd_id=?
[2025-09-26 15:33:46:25075][http-nio-9090-exec-7] INFO  p6spy - 2025-09-26 15:33:46 | OperationTime : 0ms | 
(P6Spy sql,Hibernate format):

    update
        board 
    set
        contents='3',
        like_count=0,
        read_count=1,
        title='게시글3',
        update_date='2025-09-26T15:33:46.746+0900',
        writer='admin' 
    where
        brd_id=53
[2025-09-26 15:33:46:25079][http-nio-9090-exec-7] INFO  p6spy - 
[2025-09-26 15:33:46:25096][http-nio-9090-exec-7] DEBUG org.hibernate.SQL - 
    select
        be1_0.brd_id,
        be1_0.contents,
        be1_0.create_date,
        fl1_0.brd_id,
        fl1_0.bf_id,
        fl1_0.create_date,
        fl1_0.file_name,
        fl1_0.file_path,
        fl1_0.file_size,
        fl1_0.stored_name,
        be1_0.like_count,
        be1_0.read_count,
        be1_0.title,
        be1_0.update_date,
        be1_0.writer 
    from
        board be1_0 
    left join
        board_files fl1_0 
            on be1_0.brd_id=fl1_0.brd_id 
    where
        be1_0.brd_id=?
[2025-09-26 15:33:46:25098][http-nio-9090-exec-7] INFO  p6spy - 2025-09-26 15:33:46 | OperationTime : 0ms | 
(P6Spy sql,Hibernate format):

    select
        be1_0.brd_id,
        be1_0.contents,
        be1_0.create_date,
        fl1_0.brd_id,
        fl1_0.bf_id,
        fl1_0.create_date,
        fl1_0.file_name,
        fl1_0.file_path,
        fl1_0.file_size,
        fl1_0.stored_name,
        be1_0.like_count,
        be1_0.read_count,
        be1_0.title,
        be1_0.update_date,
        be1_0.writer 
    from
        board be1_0 
    left join
        board_files fl1_0 
            on be1_0.brd_id=fl1_0.brd_id 
    where
        be1_0.brd_id=53
[2025-09-26 15:33:46:25101][http-nio-9090-exec-7] INFO  p6spy - 
[2025-09-26 15:33:46:25181][http-nio-9090-exec-3] WARN  o.s.w.s.m.m.a.ExceptionHandlerExceptionResolver - Resolved [org.springframework.web.servlet.resource.NoResourceFoundException: No static resource .well-known/appspecific/com.chrome.devtools.json.]
[2025-09-26 15:33:46:25237][http-nio-9090-exec-1] WARN  o.s.w.s.m.m.a.ExceptionHandlerExceptionResolver - Resolved [org.springframework.web.servlet.resource.NoResourceFoundException: No static resource favicon.ico.]
[2025-09-26 15:33:49:27950][http-nio-9090-exec-8] WARN  o.s.w.s.m.m.a.ExceptionHandlerExceptionResolver - Resolved [org.springframework.web.servlet.resource.NoResourceFoundException: No static resource .well-known/appspecific/com.chrome.devtools.json.]
[2025-09-26 15:33:49:28007][http-nio-9090-exec-9] WARN  o.s.w.s.m.m.a.ExceptionHandlerExceptionResolver - Resolved [org.springframework.web.servlet.resource.NoResourceFoundException: No static resource favicon.ico.]
[2025-09-26 15:33:53:32021][http-nio-9090-exec-2] DEBUG org.hibernate.SQL - 
    select
        ue1_0.user_id,
        ue1_0.addr,
        ue1_0.addr_detail,
        ue1_0.birth,
        ue1_0.create_date,
        ue1_0.del_yn,
        ue1_0.email,
        ue1_0.gender,
        ue1_0.passwd,
        ue1_0.phone,
        ue1_0.user_role,
        ue1_0.update_date,
        ue1_0.use_yn,
        ue1_0.user_name 
    from
        tb_users ue1_0 
    where
        ue1_0.user_id=?
[2025-09-26 15:33:53:32023][http-nio-9090-exec-2] INFO  p6spy - 2025-09-26 15:33:53 | OperationTime : 0ms | 
(P6Spy sql,Hibernate format):

    select
        ue1_0.user_id,
        ue1_0.addr,
        ue1_0.addr_detail,
        ue1_0.birth,
        ue1_0.create_date,
        ue1_0.del_yn,
        ue1_0.email,
        ue1_0.gender,
        ue1_0.passwd,
        ue1_0.phone,
        ue1_0.user_role,
        ue1_0.update_date,
        ue1_0.use_yn,
        ue1_0.user_name 
    from
        tb_users ue1_0 
    where
        ue1_0.user_id='admin'
[2025-09-26 15:33:53:32027][http-nio-9090-exec-2] INFO  p6spy - 
[2025-09-26 15:33:53:32135][http-nio-9090-exec-5] WARN  o.s.w.s.m.m.a.ExceptionHandlerExceptionResolver - Resolved [org.springframework.web.servlet.resource.NoResourceFoundException: No static resource .well-known/appspecific/com.chrome.devtools.json.]
[2025-09-26 15:33:53:32221][http-nio-9090-exec-9] INFO  i.k.a.b.c.BoardApiController - ========= 게시판 가져오기 =========
[2025-09-26 15:33:53:32223][http-nio-9090-exec-9] DEBUG org.hibernate.SQL - 
    select
        be1_0.brd_id,
        be1_0.contents,
        be1_0.create_date,
        be1_0.like_count,
        be1_0.read_count,
        be1_0.title,
        be1_0.update_date,
        be1_0.writer 
    from
        board be1_0 
    order by
        be1_0.brd_id desc 
    limit
        ?, ?
[2025-09-26 15:33:53:32225][http-nio-9090-exec-9] INFO  p6spy - 2025-09-26 15:33:53 | OperationTime : 0ms | 
(P6Spy sql,Hibernate format):

    select
        be1_0.brd_id,
        be1_0.contents,
        be1_0.create_date,
        be1_0.like_count,
        be1_0.read_count,
        be1_0.title,
        be1_0.update_date,
        be1_0.writer 
    from
        board be1_0 
    order by
        be1_0.brd_id desc 
    limit
        0, 10
[2025-09-26 15:33:53:32227][http-nio-9090-exec-7] WARN  o.s.w.s.m.m.a.ExceptionHandlerExceptionResolver - Resolved [org.springframework.web.servlet.resource.NoResourceFoundException: No static resource favicon.ico.]
[2025-09-26 15:33:53:32230][http-nio-9090-exec-9] DEBUG org.hibernate.SQL - 
    select
        count(be1_0.brd_id) 
    from
        board be1_0
[2025-09-26 15:33:53:32231][http-nio-9090-exec-9] INFO  p6spy - 2025-09-26 15:33:53 | OperationTime : 0ms | 
(P6Spy sql,Hibernate format):

    select
        count(be1_0.brd_id) 
    from
        board be1_0
[2025-09-26 15:33:53:32232][http-nio-9090-exec-9] INFO  p6spy - 
[2025-09-26 15:33:55:33725][http-nio-9090-exec-10] WARN  o.s.w.s.m.m.a.ExceptionHandlerExceptionResolver - Resolved [org.springframework.web.servlet.resource.NoResourceFoundException: No static resource .well-known/appspecific/com.chrome.devtools.json.]
[2025-09-26 15:33:55:33792][http-nio-9090-exec-6] INFO  i.k.a.b.c.BoardApiController - ========= 게시판 가져오기 =========
[2025-09-26 15:33:55:33795][http-nio-9090-exec-6] DEBUG org.hibernate.SQL - 
    select
        be1_0.brd_id,
        be1_0.contents,
        be1_0.create_date,
        be1_0.like_count,
        be1_0.read_count,
        be1_0.title,
        be1_0.update_date,
        be1_0.writer 
    from
        board be1_0 
    order by
        be1_0.brd_id desc 
    limit
        ?, ?
[2025-09-26 15:33:55:33796][http-nio-9090-exec-6] INFO  p6spy - 2025-09-26 15:33:55 | OperationTime : 0ms | 
(P6Spy sql,Hibernate format):

    select
        be1_0.brd_id,
        be1_0.contents,
        be1_0.create_date,
        be1_0.like_count,
        be1_0.read_count,
        be1_0.title,
        be1_0.update_date,
        be1_0.writer 
    from
        board be1_0 
    order by
        be1_0.brd_id desc 
    limit
        0, 10
[2025-09-26 15:33:55:33798][http-nio-9090-exec-1] WARN  o.s.w.s.m.m.a.ExceptionHandlerExceptionResolver - Resolved [org.springframework.web.servlet.resource.NoResourceFoundException: No static resource favicon.ico.]
[2025-09-26 15:33:55:33799][http-nio-9090-exec-6] DEBUG org.hibernate.SQL - 
    select
        count(be1_0.brd_id) 
    from
        board be1_0
[2025-09-26 15:33:55:33800][http-nio-9090-exec-6] INFO  p6spy - 2025-09-26 15:33:55 | OperationTime : 0ms | 
(P6Spy sql,Hibernate format):

    select
        count(be1_0.brd_id) 
    from
        board be1_0
[2025-09-26 15:33:55:33801][http-nio-9090-exec-6] INFO  p6spy - 
[2025-09-26 15:33:55:34097][http-nio-9090-exec-9] WARN  o.s.w.s.m.m.a.ExceptionHandlerExceptionResolver - Resolved [org.springframework.web.servlet.resource.NoResourceFoundException: No static resource .well-known/appspecific/com.chrome.devtools.json.]
[2025-09-26 15:33:55:34164][http-nio-9090-exec-2] INFO  i.k.a.b.c.BoardApiController - ========= 게시판 가져오기 =========
[2025-09-26 15:33:55:34168][http-nio-9090-exec-2] DEBUG org.hibernate.SQL - 
    select
        be1_0.brd_id,
        be1_0.contents,
        be1_0.create_date,
        be1_0.like_count,
        be1_0.read_count,
        be1_0.title,
        be1_0.update_date,
        be1_0.writer 
    from
        board be1_0 
    order by
        be1_0.brd_id desc 
    limit
        ?, ?
[2025-09-26 15:33:55:34169][http-nio-9090-exec-2] INFO  p6spy - 2025-09-26 15:33:55 | OperationTime : 0ms | 
(P6Spy sql,Hibernate format):

    select
        be1_0.brd_id,
        be1_0.contents,
        be1_0.create_date,
        be1_0.like_count,
        be1_0.read_count,
        be1_0.title,
        be1_0.update_date,
        be1_0.writer 
    from
        board be1_0 
    order by
        be1_0.brd_id desc 
    limit
        0, 10
[2025-09-26 15:33:55:34171][http-nio-9090-exec-4] WARN  o.s.w.s.m.m.a.ExceptionHandlerExceptionResolver - Resolved [org.springframework.web.servlet.resource.NoResourceFoundException: No static resource favicon.ico.]
[2025-09-26 15:33:55:34174][http-nio-9090-exec-2] DEBUG org.hibernate.SQL - 
    select
        count(be1_0.brd_id) 
    from
        board be1_0
[2025-09-26 15:33:55:34177][http-nio-9090-exec-2] INFO  p6spy - 2025-09-26 15:33:55 | OperationTime : 1ms | 
(P6Spy sql,Hibernate format):

    select
        count(be1_0.brd_id) 
    from
        board be1_0
[2025-09-26 15:33:55:34177][http-nio-9090-exec-2] INFO  p6spy - 
[2025-09-26 15:33:56:34329][http-nio-9090-exec-8] WARN  o.s.w.s.m.m.a.ExceptionHandlerExceptionResolver - Resolved [org.springframework.web.servlet.resource.NoResourceFoundException: No static resource .well-known/appspecific/com.chrome.devtools.json.]
[2025-09-26 15:33:56:34405][http-nio-9090-exec-10] INFO  i.k.a.b.c.BoardApiController - ========= 게시판 가져오기 =========
[2025-09-26 15:33:56:34408][http-nio-9090-exec-10] DEBUG org.hibernate.SQL - 
    select
        be1_0.brd_id,
        be1_0.contents,
        be1_0.create_date,
        be1_0.like_count,
        be1_0.read_count,
        be1_0.title,
        be1_0.update_date,
        be1_0.writer 
    from
        board be1_0 
    order by
        be1_0.brd_id desc 
    limit
        ?, ?
[2025-09-26 15:33:56:34410][http-nio-9090-exec-10] INFO  p6spy - 2025-09-26 15:33:56 | OperationTime : 0ms | 
(P6Spy sql,Hibernate format):

    select
        be1_0.brd_id,
        be1_0.contents,
        be1_0.create_date,
        be1_0.like_count,
        be1_0.read_count,
        be1_0.title,
        be1_0.update_date,
        be1_0.writer 
    from
        board be1_0 
    order by
        be1_0.brd_id desc 
    limit
        0, 10
[2025-09-26 15:33:56:34411][http-nio-9090-exec-7] WARN  o.s.w.s.m.m.a.ExceptionHandlerExceptionResolver - Resolved [org.springframework.web.servlet.resource.NoResourceFoundException: No static resource favicon.ico.]
[2025-09-26 15:33:56:34413][http-nio-9090-exec-10] DEBUG org.hibernate.SQL - 
    select
        count(be1_0.brd_id) 
    from
        board be1_0
[2025-09-26 15:33:56:34414][http-nio-9090-exec-10] INFO  p6spy - 2025-09-26 15:33:56 | OperationTime : 0ms | 
(P6Spy sql,Hibernate format):

    select
        count(be1_0.brd_id) 
    from
        board be1_0
[2025-09-26 15:33:56:34414][http-nio-9090-exec-10] INFO  p6spy - 
[2025-09-26 15:33:57:36184][http-nio-9090-exec-3] DEBUG org.hibernate.SQL - 
    select
        be1_0.brd_id,
        be1_0.contents,
        be1_0.create_date,
        fl1_0.brd_id,
        fl1_0.bf_id,
        fl1_0.create_date,
        fl1_0.file_name,
        fl1_0.file_path,
        fl1_0.file_size,
        fl1_0.stored_name,
        be1_0.like_count,
        be1_0.read_count,
        be1_0.title,
        be1_0.update_date,
        be1_0.writer 
    from
        board be1_0 
    left join
        board_files fl1_0 
            on be1_0.brd_id=fl1_0.brd_id 
    where
        be1_0.brd_id=?
[2025-09-26 15:33:57:36186][http-nio-9090-exec-3] INFO  p6spy - 2025-09-26 15:33:57 | OperationTime : 0ms | 
(P6Spy sql,Hibernate format):

    select
        be1_0.brd_id,
        be1_0.contents,
        be1_0.create_date,
        fl1_0.brd_id,
        fl1_0.bf_id,
        fl1_0.create_date,
        fl1_0.file_name,
        fl1_0.file_path,
        fl1_0.file_size,
        fl1_0.stored_name,
        be1_0.like_count,
        be1_0.read_count,
        be1_0.title,
        be1_0.update_date,
        be1_0.writer 
    from
        board be1_0 
    left join
        board_files fl1_0 
            on be1_0.brd_id=fl1_0.brd_id 
    where
        be1_0.brd_id=53
[2025-09-26 15:33:57:36188][http-nio-9090-exec-3] INFO  p6spy - 
[2025-09-26 15:33:57:36228][http-nio-9090-exec-4] WARN  o.s.w.s.m.m.a.ExceptionHandlerExceptionResolver - Resolved [org.springframework.web.servlet.resource.NoResourceFoundException: No static resource .well-known/appspecific/com.chrome.devtools.json.]
[2025-09-26 15:33:57:36280][http-nio-9090-exec-1] WARN  o.s.w.s.m.m.a.ExceptionHandlerExceptionResolver - Resolved [org.springframework.web.servlet.resource.NoResourceFoundException: No static resource favicon.ico.]
[2025-09-26 15:33:59:37977][http-nio-9090-exec-8] DEBUG org.hibernate.SQL - 
    select
        be1_0.brd_id,
        be1_0.contents,
        be1_0.create_date,
        fl1_0.brd_id,
        fl1_0.bf_id,
        fl1_0.create_date,
        fl1_0.file_name,
        fl1_0.file_path,
        fl1_0.file_size,
        fl1_0.stored_name,
        be1_0.like_count,
        be1_0.read_count,
        be1_0.title,
        be1_0.update_date,
        be1_0.writer 
    from
        board be1_0 
    left join
        board_files fl1_0 
            on be1_0.brd_id=fl1_0.brd_id 
    where
        be1_0.brd_id=?
[2025-09-26 15:33:59:37978][http-nio-9090-exec-8] INFO  p6spy - 2025-09-26 15:33:59 | OperationTime : 0ms | 
(P6Spy sql,Hibernate format):

    select
        be1_0.brd_id,
        be1_0.contents,
        be1_0.create_date,
        fl1_0.brd_id,
        fl1_0.bf_id,
        fl1_0.create_date,
        fl1_0.file_name,
        fl1_0.file_path,
        fl1_0.file_size,
        fl1_0.stored_name,
        be1_0.like_count,
        be1_0.read_count,
        be1_0.title,
        be1_0.update_date,
        be1_0.writer 
    from
        board be1_0 
    left join
        board_files fl1_0 
            on be1_0.brd_id=fl1_0.brd_id 
    where
        be1_0.brd_id=53
[2025-09-26 15:33:59:37980][http-nio-9090-exec-8] INFO  p6spy - 
[2025-09-26 15:33:59:38019][http-nio-9090-exec-3] WARN  o.s.w.s.m.m.a.ExceptionHandlerExceptionResolver - Resolved [org.springframework.web.servlet.resource.NoResourceFoundException: No static resource .well-known/appspecific/com.chrome.devtools.json.]
[2025-09-26 15:33:59:38087][http-nio-9090-exec-7] WARN  o.s.w.s.m.m.a.ExceptionHandlerExceptionResolver - Resolved [org.springframework.web.servlet.resource.NoResourceFoundException: No static resource favicon.ico.]
[2025-09-26 15:34:04:43080][http-nio-9090-exec-5] DEBUG org.hibernate.SQL - 
    select
        be1_0.brd_id,
        be1_0.contents,
        be1_0.create_date,
        fl1_0.brd_id,
        fl1_0.bf_id,
        fl1_0.create_date,
        fl1_0.file_name,
        fl1_0.file_path,
        fl1_0.file_size,
        fl1_0.stored_name,
        be1_0.like_count,
        be1_0.read_count,
        be1_0.title,
        be1_0.update_date,
        be1_0.writer 
    from
        board be1_0 
    left join
        board_files fl1_0 
            on be1_0.brd_id=fl1_0.brd_id 
    where
        be1_0.brd_id=?
[2025-09-26 15:34:04:43081][http-nio-9090-exec-5] INFO  p6spy - 2025-09-26 15:34:04 | OperationTime : 0ms | 
(P6Spy sql,Hibernate format):

    select
        be1_0.brd_id,
        be1_0.contents,
        be1_0.create_date,
        fl1_0.brd_id,
        fl1_0.bf_id,
        fl1_0.create_date,
        fl1_0.file_name,
        fl1_0.file_path,
        fl1_0.file_size,
        fl1_0.stored_name,
        be1_0.like_count,
        be1_0.read_count,
        be1_0.title,
        be1_0.update_date,
        be1_0.writer 
    from
        board be1_0 
    left join
        board_files fl1_0 
            on be1_0.brd_id=fl1_0.brd_id 
    where
        be1_0.brd_id=53
[2025-09-26 15:34:04:43082][http-nio-9090-exec-5] DEBUG org.hibernate.SQL - 
    update
        board 
    set
        contents=?,
        like_count=?,
        read_count=?,
        title=?,
        update_date=?,
        writer=? 
    where
        brd_id=?
[2025-09-26 15:34:04:43084][http-nio-9090-exec-5] INFO  p6spy - 2025-09-26 15:34:04 | OperationTime : 0ms | 
(P6Spy sql,Hibernate format):

    update
        board 
    set
        contents='4',
        like_count=0,
        read_count=1,
        title='게시글4',
        update_date='2025-09-26T15:34:04.771+0900',
        writer='admin' 
    where
        brd_id=53
[2025-09-26 15:34:04:43085][http-nio-9090-exec-5] INFO  p6spy - 
[2025-09-26 15:34:05:43930][http-nio-9090-exec-2] WARN  o.s.w.s.m.m.a.ExceptionHandlerExceptionResolver - Resolved [org.springframework.web.servlet.resource.NoResourceFoundException: No static resource .well-known/appspecific/com.chrome.devtools.json.]
[2025-09-26 15:34:05:43995][http-nio-9090-exec-3] INFO  i.k.a.b.c.BoardApiController - ========= 게시판 가져오기 =========
[2025-09-26 15:34:05:43998][http-nio-9090-exec-3] DEBUG org.hibernate.SQL - 
    select
        be1_0.brd_id,
        be1_0.contents,
        be1_0.create_date,
        be1_0.like_count,
        be1_0.read_count,
        be1_0.title,
        be1_0.update_date,
        be1_0.writer 
    from
        board be1_0 
    order by
        be1_0.brd_id desc 
    limit
        ?, ?
[2025-09-26 15:34:05:44000][http-nio-9090-exec-3] INFO  p6spy - 2025-09-26 15:34:05 | OperationTime : 0ms | 
(P6Spy sql,Hibernate format):

    select
        be1_0.brd_id,
        be1_0.contents,
        be1_0.create_date,
        be1_0.like_count,
        be1_0.read_count,
        be1_0.title,
        be1_0.update_date,
        be1_0.writer 
    from
        board be1_0 
    order by
        be1_0.brd_id desc 
    limit
        0, 10
[2025-09-26 15:34:05:44002][http-nio-9090-exec-4] WARN  o.s.w.s.m.m.a.ExceptionHandlerExceptionResolver - Resolved [org.springframework.web.servlet.resource.NoResourceFoundException: No static resource favicon.ico.]
[2025-09-26 15:34:05:44003][http-nio-9090-exec-3] DEBUG org.hibernate.SQL - 
    select
        count(be1_0.brd_id) 
    from
        board be1_0
[2025-09-26 15:34:05:44004][http-nio-9090-exec-3] INFO  p6spy - 2025-09-26 15:34:05 | OperationTime : 0ms | 
(P6Spy sql,Hibernate format):

    select
        count(be1_0.brd_id) 
    from
        board be1_0
[2025-09-26 15:34:05:44005][http-nio-9090-exec-3] INFO  p6spy - 
[2025-09-26 15:35:21:119333][File Watcher] INFO  o.s.b.d.a.LocalDevToolsAutoConfiguration$RestartingClassPathChangeChangedEventListener - Restarting due to 1 class path change (0 additions, 0 deletions, 1 modification)
[2025-09-26 15:35:21:119335][Thread-11] INFO  o.s.b.w.e.tomcat.GracefulShutdown - Commencing graceful shutdown. Waiting for active requests to complete
[2025-09-26 15:35:21:119336][tomcat-shutdown] INFO  o.a.coyote.http11.Http11NioProtocol - Pausing ProtocolHandler ["http-nio-9090"]
[2025-09-26 15:35:21:119338][tomcat-shutdown] INFO  o.s.b.w.e.tomcat.GracefulShutdown - Graceful shutdown complete
[2025-09-26 15:35:21:119339][Thread-11] INFO  o.a.coyote.http11.Http11NioProtocol - Stopping ProtocolHandler ["http-nio-9090"]
[2025-09-26 15:35:21:119343][Thread-11] INFO  o.s.o.j.LocalContainerEntityManagerFactoryBean - Closing JPA EntityManagerFactory for persistence unit 'default'
[2025-09-26 15:35:21:119346][Thread-11] INFO  com.zaxxer.hikari.HikariDataSource - HikariPool-1 - Shutdown initiated...
[2025-09-26 15:35:21:119350][Thread-11] INFO  com.zaxxer.hikari.HikariDataSource - HikariPool-1 - Shutdown completed.
[2025-09-26 15:35:21:119469][restartedMain] INFO  i.korea.app_boot.AppBootApplication - Starting AppBootApplication using Java 21.0.7 with PID 11200 (C:\JHS\boot-workspace\app-boot\app-boot\bin\main started by ITSC in C:\JHS\boot-workspace\app-boot\app-boot)
[2025-09-26 15:35:21:119470][restartedMain] INFO  i.korea.app_boot.AppBootApplication - No active profile set, falling back to 1 default profile: "default"
[2025-09-26 15:35:21:119674][restartedMain] INFO  o.s.d.r.c.RepositoryConfigurationDelegate - Bootstrapping Spring Data JPA repositories in DEFAULT mode.
[2025-09-26 15:35:21:119697][restartedMain] INFO  o.s.d.r.c.RepositoryConfigurationDelegate - Finished Spring Data repository scanning in 21 ms. Found 5 JPA repository interfaces.
[2025-09-26 15:35:21:119725][restartedMain] INFO  o.s.b.f.s.DefaultListableBeanFactory - Overriding bean definition for bean 'characterEncodingFilter' with a different definition: replacing [Root bean: class=null; scope=; abstract=false; lazyInit=null; autowireMode=3; dependencyCheck=0; autowireCandidate=true; primary=false; fallback=false; factoryBeanName=webConfig; factoryMethodName=characterEncodingFilter; initMethodNames=null; destroyMethodNames=[(inferred)]; defined in class path resource [it/korea/app_boot/common/config/WebConfig.class]] with [Root bean: class=null; scope=; abstract=false; lazyInit=null; autowireMode=3; dependencyCheck=0; autowireCandidate=true; primary=false; fallback=false; factoryBeanName=org.springframework.boot.autoconfigure.web.servlet.HttpEncodingAutoConfiguration; factoryMethodName=characterEncodingFilter; initMethodNames=null; destroyMethodNames=[(inferred)]; defined in class path resource [org/springframework/boot/autoconfigure/web/servlet/HttpEncodingAutoConfiguration.class]]
[2025-09-26 15:35:21:119823][restartedMain] INFO  o.s.b.w.e.tomcat.TomcatWebServer - Tomcat initialized with port 9090 (http)
[2025-09-26 15:35:21:119823][restartedMain] INFO  o.a.coyote.http11.Http11NioProtocol - Initializing ProtocolHandler ["http-nio-9090"]
[2025-09-26 15:35:21:119824][restartedMain] INFO  o.a.catalina.core.StandardService - Starting service [Tomcat]
[2025-09-26 15:35:21:119824][restartedMain] INFO  o.a.catalina.core.StandardEngine - Starting Servlet engine: [Apache Tomcat/10.1.44]
[2025-09-26 15:35:21:119851][restartedMain] INFO  o.a.c.c.C.[Tomcat].[localhost].[/] - Initializing Spring embedded WebApplicationContext
[2025-09-26 15:35:21:119851][restartedMain] INFO  o.s.b.w.s.c.ServletWebServerApplicationContext - Root WebApplicationContext: initialization completed in 379 ms
[2025-09-26 15:35:21:119890][restartedMain] INFO  o.h.jpa.internal.util.LogHelper - HHH000204: Processing PersistenceUnitInfo [name: default]
[2025-09-26 15:35:21:119893][restartedMain] INFO  o.h.c.i.RegionFactoryInitiator - HHH000026: Second-level cache disabled
[2025-09-26 15:35:21:119901][restartedMain] INFO  o.s.o.j.p.SpringPersistenceUnitInfo - No LoadTimeWeaver setup: ignoring JPA class transformer
[2025-09-26 15:35:21:119902][restartedMain] INFO  com.zaxxer.hikari.HikariDataSource - HikariPool-2 - Starting...
[2025-09-26 15:35:21:119906][restartedMain] INFO  com.zaxxer.hikari.pool.HikariPool - HikariPool-2 - Added connection org.mariadb.jdbc.Connection@1ff3399e
[2025-09-26 15:35:21:119906][restartedMain] INFO  com.zaxxer.hikari.HikariDataSource - HikariPool-2 - Start completed.
[2025-09-26 15:35:21:119907][restartedMain] WARN  org.hibernate.orm.deprecation - HHH90000025: MariaDBDialect does not need to be specified explicitly using 'hibernate.dialect' (remove the property setting and it will be selected by default)
[2025-09-26 15:35:21:119908][restartedMain] INFO  o.hibernate.orm.connections.pooling - HHH10001005: Database info:
	Database JDBC URL [Connecting through datasource 'p6SpyDataSourceDecorator [com.p6spy.engine.spy.P6DataSource] -> dataSource [com.zaxxer.hikari.HikariDataSource]']
	Database driver: undefined/unknown
	Database version: 11.8.2
	Autocommit mode: undefined/unknown
	Isolation level: undefined/unknown
	Minimum pool size: undefined/unknown
	Maximum pool size: undefined/unknown
[2025-09-26 15:35:21:119909][restartedMain] DEBUG o.h.t.d.sql.spi.DdlTypeRegistry - addDescriptor(12, org.hibernate.type.descriptor.sql.internal.CapacityDependentDdlType@19f74927) replaced previous registration(org.hibernate.type.descriptor.sql.internal.CapacityDependentDdlType@5bdfa77e)
[2025-09-26 15:35:21:119909][restartedMain] DEBUG o.h.t.d.sql.spi.DdlTypeRegistry - addDescriptor(-9, org.hibernate.type.descriptor.sql.internal.CapacityDependentDdlType@43ca699d) replaced previous registration(org.hibernate.type.descriptor.sql.internal.CapacityDependentDdlType@125b676c)
[2025-09-26 15:35:21:119909][restartedMain] DEBUG o.h.t.d.sql.spi.DdlTypeRegistry - addDescriptor(-3, org.hibernate.type.descriptor.sql.internal.CapacityDependentDdlType@31c6ba71) replaced previous registration(org.hibernate.type.descriptor.sql.internal.CapacityDependentDdlType@17841f60)
[2025-09-26 15:35:21:119909][restartedMain] DEBUG o.h.t.d.sql.spi.DdlTypeRegistry - addDescriptor(4003, org.hibernate.type.descriptor.sql.internal.DdlTypeImpl@7921a8c) replaced previous registration(org.hibernate.type.descriptor.sql.internal.DdlTypeImpl@4ebb6d15)
[2025-09-26 15:35:21:119909][restartedMain] DEBUG o.h.t.d.sql.spi.DdlTypeRegistry - addDescriptor(4001, org.hibernate.type.descriptor.sql.internal.DdlTypeImpl@4a2a5381) replaced previous registration(org.hibernate.type.descriptor.sql.internal.DdlTypeImpl@7d623abb)
[2025-09-26 15:35:21:119909][restartedMain] DEBUG o.h.t.d.sql.spi.DdlTypeRegistry - addDescriptor(4002, org.hibernate.type.descriptor.sql.internal.DdlTypeImpl@6a3309e1) replaced previous registration(org.hibernate.type.descriptor.sql.internal.DdlTypeImpl@7ff51277)
[2025-09-26 15:35:21:119909][restartedMain] DEBUG o.h.t.d.sql.spi.DdlTypeRegistry - addDescriptor(2004, org.hibernate.type.descriptor.sql.internal.CapacityDependentDdlType@675bf053) replaced previous registration(org.hibernate.type.descriptor.sql.internal.DdlTypeImpl@b80a9e1)
[2025-09-26 15:35:21:119909][restartedMain] DEBUG o.h.t.d.sql.spi.DdlTypeRegistry - addDescriptor(2005, org.hibernate.type.descriptor.sql.internal.CapacityDependentDdlType@790ed571) replaced previous registration(org.hibernate.type.descriptor.sql.internal.DdlTypeImpl@2ebf068d)
[2025-09-26 15:35:21:119909][restartedMain] DEBUG o.h.t.d.sql.spi.DdlTypeRegistry - addDescriptor(2011, org.hibernate.type.descriptor.sql.internal.CapacityDependentDdlType@16deb261) replaced previous registration(org.hibernate.type.descriptor.sql.internal.DdlTypeImpl@181fcefa)
[2025-09-26 15:35:21:120011][restartedMain] INFO  o.h.e.t.j.p.i.JtaPlatformInitiator - HHH000489: No JTA platform available (set 'hibernate.transaction.jta.platform' to enable JTA platform integration)
[2025-09-26 15:35:21:120013][restartedMain] INFO  p6spy - 2025-09-26 15:35:21 | OperationTime : 0ms | 
(P6Spy sql,Hibernate format):

    select
        table_name 
    from
        information_schema.TABLES 
    where
        table_schema=database() 
        and table_type='SEQUENCE'
[2025-09-26 15:35:21:120019][restartedMain] INFO  o.s.o.j.LocalContainerEntityManagerFactoryBean - Initialized JPA EntityManagerFactory for persistence unit 'default'
[2025-09-26 15:35:21:120176][restartedMain] INFO  o.s.s.c.a.a.c.InitializeAuthenticationProviderBeanManagerConfigurer$InitializeAuthenticationProviderManagerConfigurer - Global AuthenticationManager configured with AuthenticationProvider bean with name authProvider
[2025-09-26 15:35:21:120176][restartedMain] WARN  o.s.s.c.a.a.c.InitializeUserDetailsBeanManagerConfigurer$InitializeUserDetailsManagerConfigurer - Global AuthenticationManager configured with an AuthenticationProvider bean. UserDetailsService beans will not be used by Spring Security for automatically configuring username/password login. Consider removing the AuthenticationProvider bean. Alternatively, consider using the UserDetailsService in a manually instantiated DaoAuthenticationProvider. If the current configuration is intentional, to turn off this warning, increase the logging level of 'org.springframework.security.config.annotation.authentication.configuration.InitializeUserDetailsBeanManagerConfigurer' to ERROR
[2025-09-26 15:35:21:120196][restartedMain] WARN  o.s.s.c.a.web.builders.WebSecurity - You are asking Spring Security to ignore Deferred [Mvc [pattern='/static/imgs/**'], Ant [pattern='/static/imgs/**']]. This is not recommended -- please use permitAll via HttpSecurity#authorizeHttpRequests instead.
[2025-09-26 15:35:21:120196][restartedMain] WARN  o.s.s.c.a.web.builders.WebSecurity - You are asking Spring Security to ignore Deferred [Mvc [pattern='/static/img/**'], Ant [pattern='/static/img/**']]. This is not recommended -- please use permitAll via HttpSecurity#authorizeHttpRequests instead.
[2025-09-26 15:35:21:120196][restartedMain] WARN  o.s.s.c.a.web.builders.WebSecurity - You are asking Spring Security to ignore org.springframework.boot.autoconfigure.security.servlet.StaticResourceRequest$StaticResourceRequestMatcher@48c32251. This is not recommended -- please use permitAll via HttpSecurity#authorizeHttpRequests instead.
[2025-09-26 15:35:21:120230][restartedMain] INFO  o.s.w.s.a.s.AnnotationActionEndpointMapping - Supporting [WS-Addressing August 2004, WS-Addressing 1.0]
[2025-09-26 15:35:21:120237][restartedMain] INFO  o.s.b.d.a.OptionalLiveReloadServer - LiveReload server is running on port 35729
[2025-09-26 15:35:21:120243][restartedMain] INFO  o.a.coyote.http11.Http11NioProtocol - Starting ProtocolHandler ["http-nio-9090"]
[2025-09-26 15:35:21:120244][restartedMain] INFO  o.s.b.w.e.tomcat.TomcatWebServer - Tomcat started on port 9090 (http) with context path '/'
[2025-09-26 15:35:21:120246][restartedMain] INFO  i.korea.app_boot.AppBootApplication - Started AppBootApplication in 0.82 seconds (process running for 120.416)
[2025-09-26 15:35:21:120248][restartedMain] INFO  o.s.b.d.a.ConditionEvaluationDeltaLoggingListener - Condition evaluation unchanged
[2025-09-26 15:35:29:127719][http-nio-9090-exec-1] INFO  o.a.c.c.C.[Tomcat].[localhost].[/] - Initializing Spring DispatcherServlet 'dispatcherServlet'
[2025-09-26 15:35:29:127719][http-nio-9090-exec-1] INFO  o.s.web.servlet.DispatcherServlet - Initializing Servlet 'dispatcherServlet'
[2025-09-26 15:35:29:127720][http-nio-9090-exec-1] INFO  o.s.web.servlet.DispatcherServlet - Completed initialization in 1 ms
[2025-09-26 15:35:29:127793][http-nio-9090-exec-1] WARN  o.s.w.s.m.m.a.ExceptionHandlerExceptionResolver - Resolved [org.springframework.web.servlet.resource.NoResourceFoundException: No static resource .well-known/appspecific/com.chrome.devtools.json.]
[2025-09-26 15:35:29:127869][http-nio-9090-exec-10] INFO  i.k.a.b.c.BoardApiController - ========= 게시판 가져오기 =========
[2025-09-26 15:35:29:127870][http-nio-9090-exec-7] WARN  o.s.w.s.m.m.a.ExceptionHandlerExceptionResolver - Resolved [org.springframework.web.servlet.resource.NoResourceFoundException: No static resource favicon.ico.]
[2025-09-26 15:35:29:127873][http-nio-9090-exec-10] DEBUG org.hibernate.SQL - 
    select
        be1_0.brd_id,
        be1_0.contents,
        be1_0.create_date,
        be1_0.like_count,
        be1_0.read_count,
        be1_0.title,
        be1_0.update_date,
        be1_0.writer 
    from
        board be1_0 
    order by
        be1_0.brd_id desc 
    limit
        ?, ?
[2025-09-26 15:35:29:127875][http-nio-9090-exec-10] INFO  p6spy - 2025-09-26 15:35:29 | OperationTime : 0ms | 
(P6Spy sql,Hibernate format):

    select
        be1_0.brd_id,
        be1_0.contents,
        be1_0.create_date,
        be1_0.like_count,
        be1_0.read_count,
        be1_0.title,
        be1_0.update_date,
        be1_0.writer 
    from
        board be1_0 
    order by
        be1_0.brd_id desc 
    limit
        0, 10
[2025-09-26 15:35:29:127881][http-nio-9090-exec-10] DEBUG org.hibernate.SQL - 
    select
        count(be1_0.brd_id) 
    from
        board be1_0
[2025-09-26 15:35:29:127882][http-nio-9090-exec-10] INFO  p6spy - 2025-09-26 15:35:29 | OperationTime : 0ms | 
(P6Spy sql,Hibernate format):

    select
        count(be1_0.brd_id) 
    from
        board be1_0
[2025-09-26 15:35:29:127882][http-nio-9090-exec-10] INFO  p6spy - 
